mwl.corpus Thu Feb 23 08:20:13 PM EST 2023	0/0	Error 10002	\|	0/0	Error 10002
mwl.corpus Thu Feb 23 08:28:32 PM EST 2023	0/0	Error 10002	\|	0/0	Error 10002
mwl.corpus Thu Feb 23 08:29:18 PM EST 2023	0/0	Error 10002	\|	0/0	Error 10002
mwl.corpus Thu Feb 23 08:30:33 PM EST 2023	0/0	Error 10002	\|	0/0	Error 10002
mwl.corpus Thu Feb 23 08:32:33 PM EST 2023	141/1127	~0.12511091393078970719	\|	1169/1127	~1.03726708074534161491
mwl.corpus Thu Feb 23 09:10:12 PM EST 2023	229/1127	~0.20319432120674356699	\|	1169/1127	~1.03726708074534161491
mwl.corpus Tue Feb 28 11:43:08 AM EST 2023	0/0	Error 10002	\|	0/0	Error 10002
mwl.corpus Tue Feb 28 11:43:30 AM EST 2023	391/1279	~0.30570758405003909304	\|	1321/1279	~1.03283815480844409695
mwl.corpus Tue Feb 28 11:53:39 AM EST 2023	391/1279	~0.30570758405003909304	\|	1321/1279	~1.03283815480844409695
mwl.corpus Tue Feb 28 11:55:12 AM EST 2023	303/1279	~0.23690383111806098514	\|	1321/1279	~1.03283815480844409695
mwl.corpus Tue Feb 28 11:56:49 AM EST 2023	391/1279	~0.30570758405003909304	\|	1321/1279	~1.03283815480844409695
mwl.corpus Thu Mar 2 06:19:42 PM EST 2023	391/1279	~0.30570758405003909304	\|	1321/1279	~1.03283815480844409695
mwl.corpus Thu Mar 2 06:20:08 PM EST 2023	0/1127	0	\|	1129/1127	~1.00177462289263531500
mwl.corpus Thu Mar 16 10:04:43 AM EDT 2023	391/1279	~0.30570758405003909304	\|	1321/1279	~1.03283815480844409695
mwl.corpus Thu Mar 16 10:09:22 AM EDT 2023	417/1279	~0.32603596559812353401	\|	1321/1279	~1.03283815480844409695
mwl-por.sentences.txt Thu Apr 20 05:06:03 PM EDT 2023	0/0	Error 10002	\|	0/0	Error 10002
mwl.corpus Fri Apr 28 02:36:18 PM EDT 2023	1574090/3075136	~0.51187654789901975067
mwl.sentences.txt Fri Apr 28 02:43:56 PM EDT 2023	1/1	1
mwl.sentences.txt Fri Apr 28 02:47:04 PM EDT 2023	421/596	~0.70637583892617449664
mwl.corpus Tue May 2 03:32:51 PM EDT 2023	1574924/3066116	~0.51365440837854797405	\|	3513298/3066116	~1.14584640633296326688
mwl.corpus Tue May 2 03:40:22 PM EDT 2023	1925215/3063274	~0.62848279324670271089	\|	3871058/3063274	~1.26369955805455209035
mwl.corpus Tue May 2 03:52:09 PM EDT 2023	1983014/3063274	~0.64735116741107716776	\|	3878335/3063274	~1.26607512093270141685
mwl.corpus Tue May 2 04:08:47 PM EDT 2023	2000346/3059105	~0.65389909793877621069	\|	3892671/3059105	~1.27248688750467865601
mwl.corpus Tue May 2 04:11:48 PM EDT 2023	2011042/3059002	~0.65741768066840100137	\|	3897730/3059002	~1.27418354090647864892
mwl.corpus Tue May 2 04:15:31 PM EDT 2023	1699554/3059003	~0.55559082485371867893	\|	3489765/3059003	~1.14081777624932044853
mwl.corpus Tue May 2 04:17:43 PM EDT 2023	2011042/3059002	~0.65741768066840100137	\|	3897730/3059002	~1.27418354090647864892
mwl.corpus Tue May 2 04:22:42 PM EDT 2023	2007388/3059003	~0.65622295891831423506	\|	3489754/3059003	~1.14081418030645932678
mwl.corpus Tue May 2 04:27:09 PM EDT 2023	2011042/3059002	~0.65741768066840100137	\|	3897730/3059002	~1.27418354090647864892
mwl.corpus Tue May 2 04:35:03 PM EDT 2023	2015618/3058269	~0.65907152052353798832	\|	3899240/3058269	~1.27498267810974116404
mwl.corpus Tue May 2 04:57:16 PM EDT 2023	2090998/3058315	~0.68370916664895538883	\|	4067989/3058315	~1.33014061664674829113
mwl.corpus Tue May 2 05:01:14 PM EDT 2023	2095132/3058315	~0.68506089137319079297	\|	4072823/3058315	~1.33172122557682907091
